{"Method":"GET","Path":"/boards","Query params":"{}","Body":"{}","level":"info","message":"Request log","timestamp":"2021-01-20 17:53:37"}
{"Method":"GET","Path":"/boards","Query params":"{}","Body":"{}","level":"info","message":"Request log","timestamp":"2021-01-20 17:53:37"}
{"Method":"GET","Path":"/boards","Query params":"{}","Body":"{}","level":"info","message":"Request log","timestamp":"2021-01-20 17:53:40"}
{"Method":"GET","Path":"/boards","Query params":"{}","Body":"{}","level":"info","message":"Request log","timestamp":"2021-01-20 17:53:40"}
{"Method":"GET","Path":"/boards","Query params":"{}","Body":"{}","level":"info","message":"Request log","timestamp":"2021-01-20 17:53:42"}
{"Method":"GET","Path":"/boards","Query params":"{}","Body":"{}","level":"info","message":"Request log","timestamp":"2021-01-20 17:53:42"}
{"Method":"PUT","Path":"/boards/29d07680-72ec-4523-9835-6d02c61cdebc","Query params":"{}","Body":"{\"isFavorite\":false}","level":"info","message":"Request log","timestamp":"2021-01-20 17:53:45"}
{"Method":"PUT","Path":"/boards/29d07680-72ec-4523-9835-6d02c61cdebc","Query params":"{}","Body":"{\"isFavorite\":false}","level":"info","message":"Request log","timestamp":"2021-01-20 17:53:45"}
{"Method":"GET","Path":"/boards","Query params":"{}","Body":"{}","level":"info","message":"Request log","timestamp":"2021-01-20 17:53:45"}
{"Method":"GET","Path":"/boards","Query params":"{}","Body":"{}","level":"info","message":"Request log","timestamp":"2021-01-20 17:53:45"}
{"Method":"PUT","Path":"/boards/08840449-d3a3-4124-8a45-9e186a153b30","Query params":"{}","Body":"{\"isFavorite\":false}","level":"info","message":"Request log","timestamp":"2021-01-20 17:59:12"}
{"Method":"PUT","Path":"/boards/08840449-d3a3-4124-8a45-9e186a153b30","Query params":"{}","Body":"{\"isFavorite\":false}","level":"info","message":"Request log","timestamp":"2021-01-20 17:59:12"}
{"Method":"GET","Path":"/boards","Query params":"{}","Body":"{}","level":"info","message":"Request log","timestamp":"2021-01-20 17:59:12"}
{"Method":"GET","Path":"/boards","Query params":"{}","Body":"{}","level":"info","message":"Request log","timestamp":"2021-01-20 17:59:12"}
{"Method":"PUT","Path":"/boards/0c926b5f-cc6e-4dd4-88dd-24f27c1672b7","Query params":"{}","Body":"{\"isFavorite\":false}","level":"info","message":"Request log","timestamp":"2021-01-20 17:59:14"}
{"Method":"PUT","Path":"/boards/0c926b5f-cc6e-4dd4-88dd-24f27c1672b7","Query params":"{}","Body":"{\"isFavorite\":false}","level":"info","message":"Request log","timestamp":"2021-01-20 17:59:14"}
{"Method":"GET","Path":"/boards","Query params":"{}","Body":"{}","level":"info","message":"Request log","timestamp":"2021-01-20 17:59:14"}
{"Method":"GET","Path":"/boards","Query params":"{}","Body":"{}","level":"info","message":"Request log","timestamp":"2021-01-20 17:59:14"}
{"Method":"PUT","Path":"/boards/29d07680-72ec-4523-9835-6d02c61cdebc","Query params":"{}","Body":"{\"isFavorite\":true}","level":"info","message":"Request log","timestamp":"2021-01-20 17:59:16"}
{"Method":"PUT","Path":"/boards/29d07680-72ec-4523-9835-6d02c61cdebc","Query params":"{}","Body":"{\"isFavorite\":true}","level":"info","message":"Request log","timestamp":"2021-01-20 17:59:16"}
{"Method":"GET","Path":"/boards","Query params":"{}","Body":"{}","level":"info","message":"Request log","timestamp":"2021-01-20 17:59:16"}
{"Method":"GET","Path":"/boards","Query params":"{}","Body":"{}","level":"info","message":"Request log","timestamp":"2021-01-20 17:59:16"}
{"Method":"PUT","Path":"/boards/81c6faa5-a425-4b24-875e-ab2dd49cbc2f","Query params":"{}","Body":"{\"isFavorite\":true}","level":"info","message":"Request log","timestamp":"2021-01-20 17:59:18"}
{"Method":"PUT","Path":"/boards/81c6faa5-a425-4b24-875e-ab2dd49cbc2f","Query params":"{}","Body":"{\"isFavorite\":true}","level":"info","message":"Request log","timestamp":"2021-01-20 17:59:18"}
{"Method":"GET","Path":"/boards","Query params":"{}","Body":"{}","level":"info","message":"Request log","timestamp":"2021-01-20 17:59:19"}
{"Method":"GET","Path":"/boards","Query params":"{}","Body":"{}","level":"info","message":"Request log","timestamp":"2021-01-20 17:59:19"}
{"Method":"GET","Path":"/boards","Query params":"{}","Body":"{}","level":"info","message":"Request log","timestamp":"2021-01-20 18:00:54"}
{"Method":"GET","Path":"/boards","Query params":"{}","Body":"{}","level":"info","message":"Request log","timestamp":"2021-01-20 18:00:54"}
{"Method":"GET","Path":"/boards","Query params":"{}","Body":"{}","level":"info","message":"Request log","timestamp":"2021-01-20 18:01:08"}
{"Method":"GET","Path":"/boards","Query params":"{}","Body":"{}","level":"info","message":"Request log","timestamp":"2021-01-20 18:01:08"}
{"Method":"PUT","Path":"/boards/c8d21e60-350d-4f67-a0b1-4d18475a483d","Query params":"{}","Body":"{\"isFavorite\":true}","level":"info","message":"Request log","timestamp":"2021-01-20 18:02:00"}
{"Method":"PUT","Path":"/boards/c8d21e60-350d-4f67-a0b1-4d18475a483d","Query params":"{}","Body":"{\"isFavorite\":true}","level":"info","message":"Request log","timestamp":"2021-01-20 18:02:00"}
{"Method":"GET","Path":"/boards","Query params":"{}","Body":"{}","level":"info","message":"Request log","timestamp":"2021-01-20 18:02:00"}
{"Method":"GET","Path":"/boards","Query params":"{}","Body":"{}","level":"info","message":"Request log","timestamp":"2021-01-20 18:02:00"}
{"Method":"PUT","Path":"/boards/29d07680-72ec-4523-9835-6d02c61cdebc","Query params":"{}","Body":"{\"isFavorite\":false}","level":"info","message":"Request log","timestamp":"2021-01-20 18:03:20"}
{"Method":"PUT","Path":"/boards/29d07680-72ec-4523-9835-6d02c61cdebc","Query params":"{}","Body":"{\"isFavorite\":false}","level":"info","message":"Request log","timestamp":"2021-01-20 18:03:20"}
{"Method":"GET","Path":"/boards","Query params":"{}","Body":"{}","level":"info","message":"Request log","timestamp":"2021-01-20 18:03:20"}
{"Method":"GET","Path":"/boards","Query params":"{}","Body":"{}","level":"info","message":"Request log","timestamp":"2021-01-20 18:03:20"}
{"Method":"PUT","Path":"/boards/6096bd37-0d60-46a2-988d-5479eadd5482","Query params":"{}","Body":"{\"isFavorite\":true}","level":"info","message":"Request log","timestamp":"2021-01-20 18:06:27"}
{"Method":"PUT","Path":"/boards/6096bd37-0d60-46a2-988d-5479eadd5482","Query params":"{}","Body":"{\"isFavorite\":true}","level":"info","message":"Request log","timestamp":"2021-01-20 18:06:27"}
{"Method":"GET","Path":"/boards","Query params":"{}","Body":"{}","level":"info","message":"Request log","timestamp":"2021-01-20 18:06:27"}
{"Method":"GET","Path":"/boards","Query params":"{}","Body":"{}","level":"info","message":"Request log","timestamp":"2021-01-20 18:06:27"}
{"Method":"PUT","Path":"/boards/08840449-d3a3-4124-8a45-9e186a153b30","Query params":"{}","Body":"{\"isFavorite\":true}","level":"info","message":"Request log","timestamp":"2021-01-20 18:06:30"}
{"Method":"PUT","Path":"/boards/08840449-d3a3-4124-8a45-9e186a153b30","Query params":"{}","Body":"{\"isFavorite\":true}","level":"info","message":"Request log","timestamp":"2021-01-20 18:06:30"}
{"Method":"GET","Path":"/boards","Query params":"{}","Body":"{}","level":"info","message":"Request log","timestamp":"2021-01-20 18:06:30"}
{"Method":"GET","Path":"/boards","Query params":"{}","Body":"{}","level":"info","message":"Request log","timestamp":"2021-01-20 18:06:30"}
{"Method":"GET","Path":"/boards","Query params":"{}","Body":"{}","level":"info","message":"Request log","timestamp":"2021-01-20 18:06:36"}
{"Method":"GET","Path":"/boards","Query params":"{}","Body":"{}","level":"info","message":"Request log","timestamp":"2021-01-20 18:06:36"}
{"Method":"GET","Path":"/boards","Query params":"{}","Body":"{}","level":"info","message":"Request log","timestamp":"2021-01-20 18:06:38"}
{"Method":"GET","Path":"/boards","Query params":"{}","Body":"{}","level":"info","message":"Request log","timestamp":"2021-01-20 18:06:38"}
{"Method":"GET","Path":"/boards","Query params":"{}","Body":"{}","level":"info","message":"Request log","timestamp":"2021-01-20 18:06:40"}
{"Method":"GET","Path":"/boards","Query params":"{}","Body":"{}","level":"info","message":"Request log","timestamp":"2021-01-20 18:06:40"}
{"Method":"GET","Path":"/boards","Query params":"{}","Body":"{}","level":"info","message":"Request log","timestamp":"2021-01-20 18:06:42"}
{"Method":"GET","Path":"/boards","Query params":"{}","Body":"{}","level":"info","message":"Request log","timestamp":"2021-01-20 18:06:42"}
{"Method":"POST","Path":"/users","Query params":"{}","Body":"{\"login\":\"sasd@dfsdf.com\",\"name\":\"saddf\",\"password\":\"12345678\"}","level":"info","message":"Request log","timestamp":"2021-01-20 18:07:35"}
{"Method":"GET","Path":"/boards","Query params":"{}","Body":"{}","level":"info","message":"Request log","timestamp":"2021-01-20 18:07:35"}
{"Method":"GET","Path":"/boards","Query params":"{}","Body":"{}","level":"info","message":"Request log","timestamp":"2021-01-20 18:07:35"}
{"Method":"POST","Path":"/login","Query params":"{}","Body":"{\"login\":\"sasd@dfsdf.com\",\"password\":\"12345678\"}","level":"info","message":"Request log","timestamp":"2021-01-20 18:08:26"}
{"Method":"GET","Path":"/boards","Query params":"{}","Body":"{}","level":"info","message":"Request log","timestamp":"2021-01-20 18:08:26"}
{"Method":"GET","Path":"/boards","Query params":"{}","Body":"{}","level":"info","message":"Request log","timestamp":"2021-01-20 18:08:26"}
{"Method":"PUT","Path":"/boards/c8d21e60-350d-4f67-a0b1-4d18475a483d","Query params":"{}","Body":"{\"isFavorite\":false}","level":"info","message":"Request log","timestamp":"2021-01-20 18:09:53"}
{"Method":"PUT","Path":"/boards/c8d21e60-350d-4f67-a0b1-4d18475a483d","Query params":"{}","Body":"{\"isFavorite\":false}","level":"info","message":"Request log","timestamp":"2021-01-20 18:09:53"}
{"Method":"GET","Path":"/boards","Query params":"{}","Body":"{}","level":"info","message":"Request log","timestamp":"2021-01-20 18:09:53"}
{"Method":"GET","Path":"/boards","Query params":"{}","Body":"{}","level":"info","message":"Request log","timestamp":"2021-01-20 18:09:53"}
{"Method":"PUT","Path":"/boards/887dc971-b572-4490-8587-55b98a78308a","Query params":"{}","Body":"{\"isFavorite\":false}","level":"info","message":"Request log","timestamp":"2021-01-20 18:09:54"}
{"Method":"PUT","Path":"/boards/887dc971-b572-4490-8587-55b98a78308a","Query params":"{}","Body":"{\"isFavorite\":false}","level":"info","message":"Request log","timestamp":"2021-01-20 18:09:54"}
{"Method":"GET","Path":"/boards","Query params":"{}","Body":"{}","level":"info","message":"Request log","timestamp":"2021-01-20 18:09:55"}
{"Method":"GET","Path":"/boards","Query params":"{}","Body":"{}","level":"info","message":"Request log","timestamp":"2021-01-20 18:09:55"}
{"Method":"PUT","Path":"/boards/124162b7-c3d2-45a1-9ce4-5fe9018b3216","Query params":"{}","Body":"{\"isFavorite\":false}","level":"info","message":"Request log","timestamp":"2021-01-20 18:09:56"}
{"Method":"PUT","Path":"/boards/124162b7-c3d2-45a1-9ce4-5fe9018b3216","Query params":"{}","Body":"{\"isFavorite\":false}","level":"info","message":"Request log","timestamp":"2021-01-20 18:09:56"}
{"Method":"GET","Path":"/boards","Query params":"{}","Body":"{}","level":"info","message":"Request log","timestamp":"2021-01-20 18:09:56"}
{"Method":"GET","Path":"/boards","Query params":"{}","Body":"{}","level":"info","message":"Request log","timestamp":"2021-01-20 18:09:56"}
{"Method":"PUT","Path":"/boards/08840449-d3a3-4124-8a45-9e186a153b30","Query params":"{}","Body":"{\"isFavorite\":false}","level":"info","message":"Request log","timestamp":"2021-01-20 18:10:06"}
{"Method":"PUT","Path":"/boards/08840449-d3a3-4124-8a45-9e186a153b30","Query params":"{}","Body":"{\"isFavorite\":false}","level":"info","message":"Request log","timestamp":"2021-01-20 18:10:06"}
{"Method":"GET","Path":"/boards","Query params":"{}","Body":"{}","level":"info","message":"Request log","timestamp":"2021-01-20 18:10:07"}
{"Method":"GET","Path":"/boards","Query params":"{}","Body":"{}","level":"info","message":"Request log","timestamp":"2021-01-20 18:10:07"}
{"Method":"PUT","Path":"/boards/5c193900-f600-4501-83ad-f7dc248fefab","Query params":"{}","Body":"{\"isFavorite\":false}","level":"info","message":"Request log","timestamp":"2021-01-20 18:10:08"}
{"Method":"PUT","Path":"/boards/5c193900-f600-4501-83ad-f7dc248fefab","Query params":"{}","Body":"{\"isFavorite\":false}","level":"info","message":"Request log","timestamp":"2021-01-20 18:10:08"}
{"Method":"GET","Path":"/boards","Query params":"{}","Body":"{}","level":"info","message":"Request log","timestamp":"2021-01-20 18:10:08"}
{"Method":"GET","Path":"/boards","Query params":"{}","Body":"{}","level":"info","message":"Request log","timestamp":"2021-01-20 18:10:08"}
{"Method":"PUT","Path":"/boards/8a656a4f-ce70-4cdd-9c70-429e6860662f","Query params":"{}","Body":"{\"isFavorite\":false}","level":"info","message":"Request log","timestamp":"2021-01-20 18:10:09"}
{"Method":"PUT","Path":"/boards/8a656a4f-ce70-4cdd-9c70-429e6860662f","Query params":"{}","Body":"{\"isFavorite\":false}","level":"info","message":"Request log","timestamp":"2021-01-20 18:10:09"}
{"Method":"GET","Path":"/boards","Query params":"{}","Body":"{}","level":"info","message":"Request log","timestamp":"2021-01-20 18:10:09"}
{"Method":"GET","Path":"/boards","Query params":"{}","Body":"{}","level":"info","message":"Request log","timestamp":"2021-01-20 18:10:09"}
{"Method":"PUT","Path":"/boards/3c7227c6-9979-45ba-be48-d9aa49e3f630","Query params":"{}","Body":"{\"isFavorite\":false}","level":"info","message":"Request log","timestamp":"2021-01-20 18:10:10"}
{"Method":"PUT","Path":"/boards/3c7227c6-9979-45ba-be48-d9aa49e3f630","Query params":"{}","Body":"{\"isFavorite\":false}","level":"info","message":"Request log","timestamp":"2021-01-20 18:10:10"}
{"Method":"GET","Path":"/boards","Query params":"{}","Body":"{}","level":"info","message":"Request log","timestamp":"2021-01-20 18:10:10"}
{"Method":"GET","Path":"/boards","Query params":"{}","Body":"{}","level":"info","message":"Request log","timestamp":"2021-01-20 18:10:10"}
{"Method":"PUT","Path":"/boards/81c6faa5-a425-4b24-875e-ab2dd49cbc2f","Query params":"{}","Body":"{\"isFavorite\":false}","level":"info","message":"Request log","timestamp":"2021-01-20 18:10:11"}
{"Method":"PUT","Path":"/boards/81c6faa5-a425-4b24-875e-ab2dd49cbc2f","Query params":"{}","Body":"{\"isFavorite\":false}","level":"info","message":"Request log","timestamp":"2021-01-20 18:10:11"}
{"Method":"GET","Path":"/boards","Query params":"{}","Body":"{}","level":"info","message":"Request log","timestamp":"2021-01-20 18:10:11"}
{"Method":"GET","Path":"/boards","Query params":"{}","Body":"{}","level":"info","message":"Request log","timestamp":"2021-01-20 18:10:11"}
{"Method":"PUT","Path":"/boards/6096bd37-0d60-46a2-988d-5479eadd5482","Query params":"{}","Body":"{\"isFavorite\":false}","level":"info","message":"Request log","timestamp":"2021-01-20 18:10:12"}
{"Method":"PUT","Path":"/boards/6096bd37-0d60-46a2-988d-5479eadd5482","Query params":"{}","Body":"{\"isFavorite\":false}","level":"info","message":"Request log","timestamp":"2021-01-20 18:10:12"}
{"Method":"GET","Path":"/boards","Query params":"{}","Body":"{}","level":"info","message":"Request log","timestamp":"2021-01-20 18:10:12"}
{"Method":"GET","Path":"/boards","Query params":"{}","Body":"{}","level":"info","message":"Request log","timestamp":"2021-01-20 18:10:12"}
{"Method":"PUT","Path":"/boards/124162b7-c3d2-45a1-9ce4-5fe9018b3216","Query params":"{}","Body":"{\"isFavorite\":true}","level":"info","message":"Request log","timestamp":"2021-01-20 18:22:04"}
{"Method":"PUT","Path":"/boards/124162b7-c3d2-45a1-9ce4-5fe9018b3216","Query params":"{}","Body":"{\"isFavorite\":true}","level":"info","message":"Request log","timestamp":"2021-01-20 18:22:04"}
{"Method":"GET","Path":"/boards","Query params":"{}","Body":"{}","level":"info","message":"Request log","timestamp":"2021-01-20 18:22:04"}
{"Method":"GET","Path":"/boards","Query params":"{}","Body":"{}","level":"info","message":"Request log","timestamp":"2021-01-20 18:22:04"}
{"Method":"PUT","Path":"/boards/124162b7-c3d2-45a1-9ce4-5fe9018b3216","Query params":"{}","Body":"{\"isFavorite\":false}","level":"info","message":"Request log","timestamp":"2021-01-20 18:22:07"}
{"Method":"PUT","Path":"/boards/124162b7-c3d2-45a1-9ce4-5fe9018b3216","Query params":"{}","Body":"{\"isFavorite\":false}","level":"info","message":"Request log","timestamp":"2021-01-20 18:22:07"}
{"Method":"GET","Path":"/boards","Query params":"{}","Body":"{}","level":"info","message":"Request log","timestamp":"2021-01-20 18:22:07"}
{"Method":"GET","Path":"/boards","Query params":"{}","Body":"{}","level":"info","message":"Request log","timestamp":"2021-01-20 18:22:07"}
{"Method":"POST","Path":"/boards","Query params":"{}","Body":"{\"title\":\"dsss\",\"background\":\"/images/bg_board_3.jpg\",\"admin\":\"a0448be8-b61e-4e8b-a319-33178f8462e4\",\"isFavorite\":false}","level":"info","message":"Request log","timestamp":"2021-01-20 18:22:21"}
{"Method":"POST","Path":"/boards","Query params":"{}","Body":"{\"title\":\"dsss\",\"background\":\"/images/bg_board_3.jpg\",\"admin\":\"a0448be8-b61e-4e8b-a319-33178f8462e4\",\"isFavorite\":false}","level":"info","message":"Request log","timestamp":"2021-01-20 18:22:21"}
{"Method":"GET","Path":"/boards","Query params":"{}","Body":"{}","level":"info","message":"Request log","timestamp":"2021-01-20 18:22:21"}
{"Method":"GET","Path":"/boards","Query params":"{}","Body":"{}","level":"info","message":"Request log","timestamp":"2021-01-20 18:22:21"}
{"Method":"GET","Path":"/boards","Query params":"{}","Body":"{}","level":"info","message":"Request log","timestamp":"2021-01-20 18:23:10"}
{"Method":"GET","Path":"/boards","Query params":"{}","Body":"{}","level":"info","message":"Request log","timestamp":"2021-01-20 18:23:10"}
{"Method":"PUT","Path":"/boards/0d0bb724-4891-40ab-993c-7308b023294b","Query params":"{}","Body":"{\"isFavorite\":true}","level":"info","message":"Request log","timestamp":"2021-01-20 19:50:11"}
{"Method":"PUT","Path":"/boards/0d0bb724-4891-40ab-993c-7308b023294b","Query params":"{}","Body":"{\"isFavorite\":true}","level":"info","message":"Request log","timestamp":"2021-01-20 19:50:11"}
{"Method":"GET","Path":"/boards","Query params":"{}","Body":"{}","level":"info","message":"Request log","timestamp":"2021-01-20 19:50:11"}
{"Method":"GET","Path":"/boards","Query params":"{}","Body":"{}","level":"info","message":"Request log","timestamp":"2021-01-20 19:50:11"}
{"Method":"PUT","Path":"/boards/0d0bb724-4891-40ab-993c-7308b023294b","Query params":"{}","Body":"{\"isFavorite\":false}","level":"info","message":"Request log","timestamp":"2021-01-20 19:50:13"}
{"Method":"PUT","Path":"/boards/0d0bb724-4891-40ab-993c-7308b023294b","Query params":"{}","Body":"{\"isFavorite\":false}","level":"info","message":"Request log","timestamp":"2021-01-20 19:50:13"}
{"Method":"GET","Path":"/boards","Query params":"{}","Body":"{}","level":"info","message":"Request log","timestamp":"2021-01-20 19:50:13"}
{"Method":"GET","Path":"/boards","Query params":"{}","Body":"{}","level":"info","message":"Request log","timestamp":"2021-01-20 19:50:13"}
{"Method":"GET","Path":"/boards","Query params":"{}","Body":"{}","level":"info","message":"Request log","timestamp":"2021-01-20 19:50:19"}
{"Method":"GET","Path":"/boards","Query params":"{}","Body":"{}","level":"info","message":"Request log","timestamp":"2021-01-20 19:50:19"}
{"Method":"GET","Path":"/boards","Query params":"{}","Body":"{}","level":"info","message":"Request log","timestamp":"2021-01-20 19:50:20"}
{"Method":"GET","Path":"/boards","Query params":"{}","Body":"{}","level":"info","message":"Request log","timestamp":"2021-01-20 19:50:20"}
{"Method":"GET","Path":"/boards","Query params":"{}","Body":"{}","level":"info","message":"Request log","timestamp":"2021-01-20 19:50:22"}
{"Method":"GET","Path":"/boards","Query params":"{}","Body":"{}","level":"info","message":"Request log","timestamp":"2021-01-20 19:50:22"}
{"Method":"GET","Path":"/boards","Query params":"{}","Body":"{}","level":"info","message":"Request log","timestamp":"2021-01-20 19:50:23"}
{"Method":"GET","Path":"/boards","Query params":"{}","Body":"{}","level":"info","message":"Request log","timestamp":"2021-01-20 19:50:23"}
{"Method":"GET","Path":"/boards","Query params":"{}","Body":"{}","level":"info","message":"Request log","timestamp":"2021-01-20 19:50:25"}
{"Method":"GET","Path":"/boards","Query params":"{}","Body":"{}","level":"info","message":"Request log","timestamp":"2021-01-20 19:50:25"}
{"Method":"GET","Path":"/babel/parser/lib/index.js","Query params":"{}","Body":"{}","level":"info","message":"Request log","timestamp":"2021-01-20 20:04:26"}
{"Method":"GET","Path":"/babel/parser/lib/index.js","Query params":"{}","Body":"{}","level":"info","message":"Request log","timestamp":"2021-01-20 20:04:26"}
{"Method":"GET","Path":"/babel/parser/lib/index.js","Query params":"{}","Body":"{}","level":"info","message":"Request log","timestamp":"2021-01-20 20:04:26"}
{"Method":"GET","Path":"/boards","Query params":"{}","Body":"{}","level":"info","message":"Request log","timestamp":"2021-01-20 20:04:30"}
{"Method":"GET","Path":"/boards","Query params":"{}","Body":"{}","level":"info","message":"Request log","timestamp":"2021-01-20 20:04:30"}
{"Method":"GET","Path":"/babel/parser/lib/index.js","Query params":"{}","Body":"{}","level":"info","message":"Request log","timestamp":"2021-01-20 20:05:11"}
{"Method":"GET","Path":"/babel/parser/lib/index.js","Query params":"{}","Body":"{}","level":"info","message":"Request log","timestamp":"2021-01-20 20:05:12"}
{"Method":"GET","Path":"/babel/parser/lib/index.js","Query params":"{}","Body":"{}","level":"info","message":"Request log","timestamp":"2021-01-20 20:05:12"}
{"Method":"GET","Path":"/boards","Query params":"{}","Body":"{}","level":"info","message":"Request log","timestamp":"2021-01-20 20:05:14"}
{"Method":"GET","Path":"/boards","Query params":"{}","Body":"{}","level":"info","message":"Request log","timestamp":"2021-01-20 20:05:14"}
{"Method":"GET","Path":"/babel/parser/lib/index.js","Query params":"{}","Body":"{}","level":"info","message":"Request log","timestamp":"2021-01-20 20:06:02"}
{"Method":"GET","Path":"/babel/parser/lib/index.js","Query params":"{}","Body":"{}","level":"info","message":"Request log","timestamp":"2021-01-20 20:08:46"}
{"Method":"GET","Path":"/babel/parser/lib/index.js","Query params":"{}","Body":"{}","level":"info","message":"Request log","timestamp":"2021-01-20 20:08:46"}
{"Method":"GET","Path":"/babel/parser/lib/index.js","Query params":"{}","Body":"{}","level":"info","message":"Request log","timestamp":"2021-01-20 20:08:46"}
{"Method":"GET","Path":"/babel/parser/lib/index.js","Query params":"{}","Body":"{}","level":"info","message":"Request log","timestamp":"2021-01-20 20:08:46"}
{"Method":"GET","Path":"/babel/parser/lib/index.js","Query params":"{}","Body":"{}","level":"info","message":"Request log","timestamp":"2021-01-20 20:08:46"}
{"Method":"GET","Path":"/babel/parser/lib/index.js","Query params":"{}","Body":"{}","level":"info","message":"Request log","timestamp":"2021-01-20 20:08:46"}
{"Method":"GET","Path":"/babel/parser/lib/index.js","Query params":"{}","Body":"{}","level":"info","message":"Request log","timestamp":"2021-01-20 20:08:47"}
{"Method":"GET","Path":"/babel/parser/lib/index.js","Query params":"{}","Body":"{}","level":"info","message":"Request log","timestamp":"2021-01-20 20:08:47"}
{"Method":"GET","Path":"/babel/parser/lib/index.js","Query params":"{}","Body":"{}","level":"info","message":"Request log","timestamp":"2021-01-20 20:08:47"}
{"Method":"GET","Path":"/babel/parser/lib/index.js","Query params":"{}","Body":"{}","level":"info","message":"Request log","timestamp":"2021-01-20 20:08:47"}
{"Method":"GET","Path":"/babel/parser/lib/index.js","Query params":"{}","Body":"{}","level":"info","message":"Request log","timestamp":"2021-01-20 20:08:47"}
{"Method":"GET","Path":"/babel/parser/lib/index.js","Query params":"{}","Body":"{}","level":"info","message":"Request log","timestamp":"2021-01-20 20:08:47"}
{"Method":"GET","Path":"/babel/parser/lib/index.js","Query params":"{}","Body":"{}","level":"info","message":"Request log","timestamp":"2021-01-20 20:08:48"}
{"Method":"GET","Path":"/babel/parser/lib/index.js","Query params":"{}","Body":"{}","level":"info","message":"Request log","timestamp":"2021-01-20 20:08:48"}
{"Method":"GET","Path":"/babel/parser/lib/index.js","Query params":"{}","Body":"{}","level":"info","message":"Request log","timestamp":"2021-01-20 20:08:48"}
{"Method":"GET","Path":"/babel/parser/lib/index.js","Query params":"{}","Body":"{}","level":"info","message":"Request log","timestamp":"2021-01-20 20:08:48"}
{"Method":"GET","Path":"/babel/parser/lib/index.js","Query params":"{}","Body":"{}","level":"info","message":"Request log","timestamp":"2021-01-20 20:08:48"}
{"Method":"GET","Path":"/babel/parser/lib/index.js","Query params":"{}","Body":"{}","level":"info","message":"Request log","timestamp":"2021-01-20 20:08:49"}
{"Method":"GET","Path":"/babel/parser/lib/index.js","Query params":"{}","Body":"{}","level":"info","message":"Request log","timestamp":"2021-01-20 20:08:49"}
{"Method":"GET","Path":"/babel/parser/lib/index.js","Query params":"{}","Body":"{}","level":"info","message":"Request log","timestamp":"2021-01-20 20:08:49"}
{"Method":"GET","Path":"/babel/parser/lib/index.js","Query params":"{}","Body":"{}","level":"info","message":"Request log","timestamp":"2021-01-20 20:08:49"}
{"Method":"GET","Path":"/boards","Query params":"{}","Body":"{}","level":"info","message":"Request log","timestamp":"2021-01-20 20:08:51"}
{"Method":"GET","Path":"/boards","Query params":"{}","Body":"{}","level":"info","message":"Request log","timestamp":"2021-01-20 20:08:51"}
{"Method":"GET","Path":"/babel/parser/lib/index.js","Query params":"{}","Body":"{}","level":"info","message":"Request log","timestamp":"2021-01-20 20:08:51"}
{"Method":"GET","Path":"/babel/parser/lib/index.js","Query params":"{}","Body":"{}","level":"info","message":"Request log","timestamp":"2021-01-20 20:08:51"}
{"Method":"GET","Path":"/babel/parser/lib/index.js","Query params":"{}","Body":"{}","level":"info","message":"Request log","timestamp":"2021-01-20 20:08:52"}
{"Method":"GET","Path":"/babel/parser/lib/index.js","Query params":"{}","Body":"{}","level":"info","message":"Request log","timestamp":"2021-01-20 20:10:19"}
{"Method":"GET","Path":"/boards","Query params":"{}","Body":"{}","level":"info","message":"Request log","timestamp":"2021-01-20 20:10:22"}
{"Method":"GET","Path":"/boards","Query params":"{}","Body":"{}","level":"info","message":"Request log","timestamp":"2021-01-20 20:10:22"}
{"Method":"GET","Path":"/boards","Query params":"{}","Body":"{}","level":"info","message":"Request log","timestamp":"2021-01-20 20:29:51"}
{"Method":"GET","Path":"/boards","Query params":"{}","Body":"{}","level":"info","message":"Request log","timestamp":"2021-01-20 20:29:51"}
{"Method":"GET","Path":"/boards","Query params":"{}","Body":"{}","level":"info","message":"Request log","timestamp":"2021-01-20 20:29:56"}
{"Method":"GET","Path":"/boards","Query params":"{}","Body":"{}","level":"info","message":"Request log","timestamp":"2021-01-20 20:29:56"}
{"Method":"PUT","Path":"/boards/29d07680-72ec-4523-9835-6d02c61cdebc","Query params":"{}","Body":"{\"isFavorite\":true}","level":"info","message":"Request log","timestamp":"2021-01-20 20:29:58"}
{"Method":"PUT","Path":"/boards/29d07680-72ec-4523-9835-6d02c61cdebc","Query params":"{}","Body":"{\"isFavorite\":true}","level":"info","message":"Request log","timestamp":"2021-01-20 20:29:58"}
{"Method":"GET","Path":"/boards","Query params":"{}","Body":"{}","level":"info","message":"Request log","timestamp":"2021-01-20 20:29:58"}
{"Method":"GET","Path":"/boards","Query params":"{}","Body":"{}","level":"info","message":"Request log","timestamp":"2021-01-20 20:29:58"}
{"Method":"PUT","Path":"/boards/29d07680-72ec-4523-9835-6d02c61cdebc","Query params":"{}","Body":"{\"isFavorite\":false}","level":"info","message":"Request log","timestamp":"2021-01-20 20:30:01"}
{"Method":"PUT","Path":"/boards/29d07680-72ec-4523-9835-6d02c61cdebc","Query params":"{}","Body":"{\"isFavorite\":false}","level":"info","message":"Request log","timestamp":"2021-01-20 20:30:01"}
{"Method":"GET","Path":"/boards","Query params":"{}","Body":"{}","level":"info","message":"Request log","timestamp":"2021-01-20 20:30:01"}
{"Method":"GET","Path":"/boards","Query params":"{}","Body":"{}","level":"info","message":"Request log","timestamp":"2021-01-20 20:30:01"}
{"Method":"GET","Path":"/boards","Query params":"{}","Body":"{}","level":"info","message":"Request log","timestamp":"2021-01-20 20:30:28"}
{"Method":"GET","Path":"/boards","Query params":"{}","Body":"{}","level":"info","message":"Request log","timestamp":"2021-01-20 20:30:28"}
{"Method":"GET","Path":"/boards","Query params":"{}","Body":"{}","level":"info","message":"Request log","timestamp":"2021-01-20 20:30:41"}
{"Method":"GET","Path":"/boards","Query params":"{}","Body":"{}","level":"info","message":"Request log","timestamp":"2021-01-20 20:30:41"}
{"Method":"PUT","Path":"/boards/8a656a4f-ce70-4cdd-9c70-429e6860662f","Query params":"{}","Body":"{\"isFavorite\":true}","level":"info","message":"Request log","timestamp":"2021-01-20 20:30:43"}
{"Method":"PUT","Path":"/boards/8a656a4f-ce70-4cdd-9c70-429e6860662f","Query params":"{}","Body":"{\"isFavorite\":true}","level":"info","message":"Request log","timestamp":"2021-01-20 20:30:43"}
{"Method":"GET","Path":"/boards","Query params":"{}","Body":"{}","level":"info","message":"Request log","timestamp":"2021-01-20 20:30:43"}
{"Method":"GET","Path":"/boards","Query params":"{}","Body":"{}","level":"info","message":"Request log","timestamp":"2021-01-20 20:30:43"}
{"Method":"PUT","Path":"/boards/8a656a4f-ce70-4cdd-9c70-429e6860662f","Query params":"{}","Body":"{\"isFavorite\":false}","level":"info","message":"Request log","timestamp":"2021-01-20 20:30:46"}
{"Method":"PUT","Path":"/boards/8a656a4f-ce70-4cdd-9c70-429e6860662f","Query params":"{}","Body":"{\"isFavorite\":false}","level":"info","message":"Request log","timestamp":"2021-01-20 20:30:46"}
{"Method":"GET","Path":"/boards","Query params":"{}","Body":"{}","level":"info","message":"Request log","timestamp":"2021-01-20 20:30:46"}
{"Method":"GET","Path":"/boards","Query params":"{}","Body":"{}","level":"info","message":"Request log","timestamp":"2021-01-20 20:30:46"}
{"Method":"PUT","Path":"/boards/8a656a4f-ce70-4cdd-9c70-429e6860662f","Query params":"{}","Body":"{\"isFavorite\":true}","level":"info","message":"Request log","timestamp":"2021-01-20 20:30:48"}
{"Method":"PUT","Path":"/boards/8a656a4f-ce70-4cdd-9c70-429e6860662f","Query params":"{}","Body":"{\"isFavorite\":true}","level":"info","message":"Request log","timestamp":"2021-01-20 20:30:48"}
{"Method":"GET","Path":"/boards","Query params":"{}","Body":"{}","level":"info","message":"Request log","timestamp":"2021-01-20 20:30:48"}
{"Method":"GET","Path":"/boards","Query params":"{}","Body":"{}","level":"info","message":"Request log","timestamp":"2021-01-20 20:30:48"}
{"Method":"PUT","Path":"/boards/8a656a4f-ce70-4cdd-9c70-429e6860662f","Query params":"{}","Body":"{\"isFavorite\":false}","level":"info","message":"Request log","timestamp":"2021-01-20 20:30:50"}
{"Method":"PUT","Path":"/boards/8a656a4f-ce70-4cdd-9c70-429e6860662f","Query params":"{}","Body":"{\"isFavorite\":false}","level":"info","message":"Request log","timestamp":"2021-01-20 20:30:50"}
{"Method":"GET","Path":"/boards","Query params":"{}","Body":"{}","level":"info","message":"Request log","timestamp":"2021-01-20 20:30:50"}
{"Method":"GET","Path":"/boards","Query params":"{}","Body":"{}","level":"info","message":"Request log","timestamp":"2021-01-20 20:30:50"}
{"Method":"GET","Path":"/boards","Query params":"{}","Body":"{}","level":"info","message":"Request log","timestamp":"2021-01-20 20:36:05"}
{"Method":"GET","Path":"/boards","Query params":"{}","Body":"{}","level":"info","message":"Request log","timestamp":"2021-01-20 20:36:05"}
{"Method":"PUT","Path":"/boards/8a656a4f-ce70-4cdd-9c70-429e6860662f","Query params":"{}","Body":"{\"isFavorite\":true}","level":"info","message":"Request log","timestamp":"2021-01-20 20:36:11"}
{"Method":"PUT","Path":"/boards/8a656a4f-ce70-4cdd-9c70-429e6860662f","Query params":"{}","Body":"{\"isFavorite\":true}","level":"info","message":"Request log","timestamp":"2021-01-20 20:36:11"}
{"Method":"GET","Path":"/boards","Query params":"{}","Body":"{}","level":"info","message":"Request log","timestamp":"2021-01-20 20:36:11"}
{"Method":"GET","Path":"/boards","Query params":"{}","Body":"{}","level":"info","message":"Request log","timestamp":"2021-01-20 20:36:11"}
{"Method":"GET","Path":"/boards","Query params":"{}","Body":"{}","level":"info","message":"Request log","timestamp":"2021-01-20 20:37:15"}
{"Method":"GET","Path":"/boards","Query params":"{}","Body":"{}","level":"info","message":"Request log","timestamp":"2021-01-20 20:37:15"}
{"Method":"GET","Path":"/boards","Query params":"{}","Body":"{}","level":"info","message":"Request log","timestamp":"2021-01-20 20:37:16"}
{"Method":"GET","Path":"/boards","Query params":"{}","Body":"{}","level":"info","message":"Request log","timestamp":"2021-01-20 20:37:16"}
{"Method":"GET","Path":"/boards","Query params":"{}","Body":"{}","level":"info","message":"Request log","timestamp":"2021-01-20 20:38:04"}
{"Method":"GET","Path":"/boards","Query params":"{}","Body":"{}","level":"info","message":"Request log","timestamp":"2021-01-20 20:38:04"}
{"Method":"GET","Path":"/boards","Query params":"{}","Body":"{}","level":"info","message":"Request log","timestamp":"2021-01-20 20:38:27"}
{"Method":"GET","Path":"/boards","Query params":"{}","Body":"{}","level":"info","message":"Request log","timestamp":"2021-01-20 20:38:27"}
{"Method":"GET","Path":"/boards","Query params":"{}","Body":"{}","level":"info","message":"Request log","timestamp":"2021-01-20 20:38:28"}
{"Method":"GET","Path":"/boards","Query params":"{}","Body":"{}","level":"info","message":"Request log","timestamp":"2021-01-20 20:38:28"}
{"Method":"GET","Path":"/boards","Query params":"{}","Body":"{}","level":"info","message":"Request log","timestamp":"2021-01-20 20:38:34"}
{"Method":"GET","Path":"/boards","Query params":"{}","Body":"{}","level":"info","message":"Request log","timestamp":"2021-01-20 20:38:34"}
{"Method":"GET","Path":"/boards","Query params":"{}","Body":"{}","level":"info","message":"Request log","timestamp":"2021-01-20 20:39:54"}
{"Method":"GET","Path":"/boards","Query params":"{}","Body":"{}","level":"info","message":"Request log","timestamp":"2021-01-20 20:39:54"}
{"Method":"GET","Path":"/boards","Query params":"{}","Body":"{}","level":"info","message":"Request log","timestamp":"2021-01-20 20:41:33"}
{"Method":"GET","Path":"/boards","Query params":"{}","Body":"{}","level":"info","message":"Request log","timestamp":"2021-01-20 20:41:33"}
{"Method":"GET","Path":"/boards","Query params":"{}","Body":"{}","level":"info","message":"Request log","timestamp":"2021-01-20 20:41:33"}
{"Method":"GET","Path":"/boards","Query params":"{}","Body":"{}","level":"info","message":"Request log","timestamp":"2021-01-20 20:41:33"}
{"Method":"GET","Path":"/boards","Query params":"{}","Body":"{}","level":"info","message":"Request log","timestamp":"2021-01-20 20:41:57"}
{"Method":"GET","Path":"/boards","Query params":"{}","Body":"{}","level":"info","message":"Request log","timestamp":"2021-01-20 20:41:58"}
{"Method":"GET","Path":"/boards","Query params":"{}","Body":"{}","level":"info","message":"Request log","timestamp":"2021-01-20 20:41:58"}
{"Method":"GET","Path":"/boards","Query params":"{}","Body":"{}","level":"info","message":"Request log","timestamp":"2021-01-20 20:41:58"}
{"Method":"GET","Path":"/boards","Query params":"{}","Body":"{}","level":"info","message":"Request log","timestamp":"2021-01-20 20:42:10"}
{"Method":"GET","Path":"/boards","Query params":"{}","Body":"{}","level":"info","message":"Request log","timestamp":"2021-01-20 20:42:10"}
{"Method":"GET","Path":"/boards","Query params":"{}","Body":"{}","level":"info","message":"Request log","timestamp":"2021-01-20 20:42:10"}
{"Method":"GET","Path":"/boards","Query params":"{}","Body":"{}","level":"info","message":"Request log","timestamp":"2021-01-20 20:42:10"}
{"Method":"GET","Path":"/boards","Query params":"{}","Body":"{}","level":"info","message":"Request log","timestamp":"2021-01-20 20:42:13"}
{"Method":"GET","Path":"/boards","Query params":"{}","Body":"{}","level":"info","message":"Request log","timestamp":"2021-01-20 20:42:13"}
{"Method":"GET","Path":"/boards","Query params":"{}","Body":"{}","level":"info","message":"Request log","timestamp":"2021-01-20 20:42:13"}
{"Method":"GET","Path":"/boards","Query params":"{}","Body":"{}","level":"info","message":"Request log","timestamp":"2021-01-20 20:42:13"}
{"Method":"GET","Path":"/babel/parser/lib/index.js","Query params":"{}","Body":"{}","level":"info","message":"Request log","timestamp":"2021-01-20 20:45:06"}
{"Method":"GET","Path":"/babel/parser/lib/index.js","Query params":"{}","Body":"{}","level":"info","message":"Request log","timestamp":"2021-01-20 20:45:07"}
{"Method":"GET","Path":"/boards","Query params":"{}","Body":"{}","level":"info","message":"Request log","timestamp":"2021-01-20 20:45:40"}
{"Method":"GET","Path":"/boards","Query params":"{}","Body":"{}","level":"info","message":"Request log","timestamp":"2021-01-20 20:45:40"}
{"Method":"GET","Path":"/boards","Query params":"{}","Body":"{}","level":"info","message":"Request log","timestamp":"2021-01-20 20:46:17"}
{"Method":"GET","Path":"/boards","Query params":"{}","Body":"{}","level":"info","message":"Request log","timestamp":"2021-01-20 20:46:17"}
{"Method":"GET","Path":"/boards","Query params":"{}","Body":"{}","level":"info","message":"Request log","timestamp":"2021-01-20 20:48:46"}
{"Method":"GET","Path":"/boards","Query params":"{}","Body":"{}","level":"info","message":"Request log","timestamp":"2021-01-20 20:48:46"}
{"Method":"PUT","Path":"/boards/5c193900-f600-4501-83ad-f7dc248fefab","Query params":"{}","Body":"{\"isFavorite\":true}","level":"info","message":"Request log","timestamp":"2021-01-20 20:48:50"}
{"Method":"PUT","Path":"/boards/5c193900-f600-4501-83ad-f7dc248fefab","Query params":"{}","Body":"{\"isFavorite\":true}","level":"info","message":"Request log","timestamp":"2021-01-20 20:48:50"}
{"Method":"GET","Path":"/boards","Query params":"{}","Body":"{}","level":"info","message":"Request log","timestamp":"2021-01-20 20:48:50"}
{"Method":"GET","Path":"/boards","Query params":"{}","Body":"{}","level":"info","message":"Request log","timestamp":"2021-01-20 20:48:50"}
{"Method":"PUT","Path":"/boards/3c7227c6-9979-45ba-be48-d9aa49e3f630","Query params":"{}","Body":"{\"isFavorite\":true}","level":"info","message":"Request log","timestamp":"2021-01-20 20:48:52"}
{"Method":"PUT","Path":"/boards/3c7227c6-9979-45ba-be48-d9aa49e3f630","Query params":"{}","Body":"{\"isFavorite\":true}","level":"info","message":"Request log","timestamp":"2021-01-20 20:48:52"}
{"Method":"GET","Path":"/boards","Query params":"{}","Body":"{}","level":"info","message":"Request log","timestamp":"2021-01-20 20:48:52"}
{"Method":"GET","Path":"/boards","Query params":"{}","Body":"{}","level":"info","message":"Request log","timestamp":"2021-01-20 20:48:52"}
{"Method":"GET","Path":"/boards","Query params":"{}","Body":"{}","level":"info","message":"Request log","timestamp":"2021-01-20 20:50:20"}
{"Method":"GET","Path":"/boards","Query params":"{}","Body":"{}","level":"info","message":"Request log","timestamp":"2021-01-20 20:50:20"}
{"Method":"GET","Path":"/babel/parser/lib/index.js","Query params":"{}","Body":"{}","level":"info","message":"Request log","timestamp":"2021-01-20 20:51:10"}
{"Method":"GET","Path":"/babel/parser/lib/index.js","Query params":"{}","Body":"{}","level":"info","message":"Request log","timestamp":"2021-01-20 20:51:10"}
{"Method":"GET","Path":"/boards","Query params":"{}","Body":"{}","level":"info","message":"Request log","timestamp":"2021-01-20 20:51:50"}
{"Method":"GET","Path":"/boards","Query params":"{}","Body":"{}","level":"info","message":"Request log","timestamp":"2021-01-20 20:51:50"}
{"Method":"GET","Path":"/boards","Query params":"{}","Body":"{}","level":"info","message":"Request log","timestamp":"2021-01-20 20:52:06"}
{"Method":"GET","Path":"/boards","Query params":"{}","Body":"{}","level":"info","message":"Request log","timestamp":"2021-01-20 20:52:06"}
{"Method":"GET","Path":"/boards","Query params":"{}","Body":"{}","level":"info","message":"Request log","timestamp":"2021-01-20 20:52:08"}
{"Method":"GET","Path":"/boards","Query params":"{}","Body":"{}","level":"info","message":"Request log","timestamp":"2021-01-20 20:52:08"}
{"Method":"GET","Path":"/boards","Query params":"{}","Body":"{}","level":"info","message":"Request log","timestamp":"2021-01-20 20:52:10"}
{"Method":"GET","Path":"/boards","Query params":"{}","Body":"{}","level":"info","message":"Request log","timestamp":"2021-01-20 20:52:10"}
{"Method":"GET","Path":"/boards","Query params":"{}","Body":"{}","level":"info","message":"Request log","timestamp":"2021-01-20 20:54:36"}
{"Method":"GET","Path":"/boards","Query params":"{}","Body":"{}","level":"info","message":"Request log","timestamp":"2021-01-20 20:54:36"}
{"Method":"GET","Path":"/boards","Query params":"{}","Body":"{}","level":"info","message":"Request log","timestamp":"2021-01-20 20:55:00"}
{"Method":"GET","Path":"/boards","Query params":"{}","Body":"{}","level":"info","message":"Request log","timestamp":"2021-01-20 20:55:00"}
{"Method":"GET","Path":"/babel/parser/lib/index.js","Query params":"{}","Body":"{}","level":"info","message":"Request log","timestamp":"2021-01-20 20:55:57"}
{"Method":"GET","Path":"/babel/parser/lib/index.js","Query params":"{}","Body":"{}","level":"info","message":"Request log","timestamp":"2021-01-20 20:55:57"}
{"Method":"GET","Path":"/babel/parser/lib/index.js","Query params":"{}","Body":"{}","level":"info","message":"Request log","timestamp":"2021-01-20 20:56:08"}
{"Method":"GET","Path":"/boards","Query params":"{}","Body":"{}","level":"info","message":"Request log","timestamp":"2021-01-20 20:56:54"}
{"Method":"GET","Path":"/boards","Query params":"{}","Body":"{}","level":"info","message":"Request log","timestamp":"2021-01-20 20:56:54"}
{"Method":"PUT","Path":"/boards/29d07680-72ec-4523-9835-6d02c61cdebc","Query params":"{}","Body":"{\"isFavorite\":true}","level":"info","message":"Request log","timestamp":"2021-01-20 20:57:41"}
{"Method":"PUT","Path":"/boards/29d07680-72ec-4523-9835-6d02c61cdebc","Query params":"{}","Body":"{\"isFavorite\":true}","level":"info","message":"Request log","timestamp":"2021-01-20 20:57:41"}
{"Method":"GET","Path":"/boards","Query params":"{}","Body":"{}","level":"info","message":"Request log","timestamp":"2021-01-20 20:57:41"}
{"Method":"GET","Path":"/boards","Query params":"{}","Body":"{}","level":"info","message":"Request log","timestamp":"2021-01-20 20:57:41"}
{"Method":"GET","Path":"/boards","Query params":"{}","Body":"{}","level":"info","message":"Request log","timestamp":"2021-01-20 21:53:02"}
{"Method":"GET","Path":"/boards","Query params":"{}","Body":"{}","level":"info","message":"Request log","timestamp":"2021-01-20 21:53:02"}
{"Method":"GET","Path":"/boards","Query params":"{}","Body":"{}","level":"info","message":"Request log","timestamp":"2021-01-20 21:53:06"}
{"Method":"GET","Path":"/boards","Query params":"{}","Body":"{}","level":"info","message":"Request log","timestamp":"2021-01-20 21:53:06"}
{"Method":"GET","Path":"/babel/parser/lib/index.js","Query params":"{}","Body":"{}","level":"info","message":"Request log","timestamp":"2021-01-20 22:26:54"}
{"Method":"GET","Path":"/boards","Query params":"{}","Body":"{}","level":"info","message":"Request log","timestamp":"2021-01-20 22:27:02"}
{"Method":"GET","Path":"/boards","Query params":"{}","Body":"{}","level":"info","message":"Request log","timestamp":"2021-01-20 22:27:02"}
{"Method":"GET","Path":"/boards","Query params":"{}","Body":"{}","level":"info","message":"Request log","timestamp":"2021-01-20 22:29:08"}
{"Method":"GET","Path":"/boards","Query params":"{}","Body":"{}","level":"info","message":"Request log","timestamp":"2021-01-20 22:29:08"}
{"Method":"GET","Path":"/babel/parser/lib/index.js","Query params":"{}","Body":"{}","level":"info","message":"Request log","timestamp":"2021-01-20 22:30:29"}
{"Method":"GET","Path":"/boards","Query params":"{}","Body":"{}","level":"info","message":"Request log","timestamp":"2021-01-20 22:30:33"}
{"Method":"GET","Path":"/boards","Query params":"{}","Body":"{}","level":"info","message":"Request log","timestamp":"2021-01-20 22:30:33"}
{"Method":"GET","Path":"/boards","Query params":"{}","Body":"{}","level":"info","message":"Request log","timestamp":"2021-01-20 22:30:38"}
{"Method":"GET","Path":"/boards","Query params":"{}","Body":"{}","level":"info","message":"Request log","timestamp":"2021-01-20 22:30:38"}
{"Method":"GET","Path":"/boards","Query params":"{}","Body":"{}","level":"info","message":"Request log","timestamp":"2021-01-21 10:51:09"}
{"Method":"GET","Path":"/boards","Query params":"{}","Body":"{}","level":"info","message":"Request log","timestamp":"2021-01-21 10:51:09"}
{"Method":"GET","Path":"/boards","Query params":"{}","Body":"{}","level":"info","message":"Request log","timestamp":"2021-01-21 10:51:12"}
{"Method":"GET","Path":"/boards","Query params":"{}","Body":"{}","level":"info","message":"Request log","timestamp":"2021-01-21 10:51:12"}
{"Method":"GET","Path":"/babel/parser/lib/index.js","Query params":"{}","Body":"{}","level":"info","message":"Request log","timestamp":"2021-01-21 10:52:57"}
{"Method":"GET","Path":"/babel/parser/lib/index.js","Query params":"{}","Body":"{}","level":"info","message":"Request log","timestamp":"2021-01-21 10:53:03"}
{"Method":"GET","Path":"/boards","Query params":"{}","Body":"{}","level":"info","message":"Request log","timestamp":"2021-01-21 10:53:26"}
{"Method":"GET","Path":"/boards","Query params":"{}","Body":"{}","level":"info","message":"Request log","timestamp":"2021-01-21 10:53:26"}
{"Method":"GET","Path":"/boards","Query params":"{}","Body":"{}","level":"info","message":"Request log","timestamp":"2021-01-21 10:54:30"}
{"Method":"GET","Path":"/boards","Query params":"{}","Body":"{}","level":"info","message":"Request log","timestamp":"2021-01-21 10:54:30"}
{"Method":"GET","Path":"/babel/parser/lib/index.js","Query params":"{}","Body":"{}","level":"info","message":"Request log","timestamp":"2021-01-21 10:56:45"}
{"Method":"GET","Path":"/boards","Query params":"{}","Body":"{}","level":"info","message":"Request log","timestamp":"2021-01-21 10:56:46"}
{"Method":"GET","Path":"/boards","Query params":"{}","Body":"{}","level":"info","message":"Request log","timestamp":"2021-01-21 10:56:46"}
{"Method":"GET","Path":"/boards","Query params":"{}","Body":"{}","level":"info","message":"Request log","timestamp":"2021-01-21 10:57:11"}
{"Method":"GET","Path":"/boards","Query params":"{}","Body":"{}","level":"info","message":"Request log","timestamp":"2021-01-21 10:57:11"}
{"Method":"GET","Path":"/boards","Query params":"{}","Body":"{}","level":"info","message":"Request log","timestamp":"2021-01-21 10:57:57"}
{"Method":"GET","Path":"/boards","Query params":"{}","Body":"{}","level":"info","message":"Request log","timestamp":"2021-01-21 10:57:57"}
{"Method":"GET","Path":"/boards","Query params":"{}","Body":"{}","level":"info","message":"Request log","timestamp":"2021-01-21 10:59:25"}
{"Method":"GET","Path":"/boards","Query params":"{}","Body":"{}","level":"info","message":"Request log","timestamp":"2021-01-21 10:59:25"}
{"Method":"GET","Path":"/boards","Query params":"{}","Body":"{}","level":"info","message":"Request log","timestamp":"2021-01-21 10:59:50"}
{"Method":"GET","Path":"/boards","Query params":"{}","Body":"{}","level":"info","message":"Request log","timestamp":"2021-01-21 10:59:50"}
{"Method":"GET","Path":"/boards","Query params":"{}","Body":"{}","level":"info","message":"Request log","timestamp":"2021-01-21 11:00:00"}
{"Method":"GET","Path":"/boards","Query params":"{}","Body":"{}","level":"info","message":"Request log","timestamp":"2021-01-21 11:00:00"}
{"Method":"GET","Path":"/boards","Query params":"{}","Body":"{}","level":"info","message":"Request log","timestamp":"2021-01-21 11:00:14"}
{"Method":"GET","Path":"/boards","Query params":"{}","Body":"{}","level":"info","message":"Request log","timestamp":"2021-01-21 11:00:14"}
{"Method":"PUT","Path":"/boards/81c6faa5-a425-4b24-875e-ab2dd49cbc2f","Query params":"{}","Body":"{\"isFavorite\":true}","level":"info","message":"Request log","timestamp":"2021-01-21 11:07:30"}
{"Method":"PUT","Path":"/boards/81c6faa5-a425-4b24-875e-ab2dd49cbc2f","Query params":"{}","Body":"{\"isFavorite\":true}","level":"info","message":"Request log","timestamp":"2021-01-21 11:07:30"}
{"Method":"GET","Path":"/boards","Query params":"{}","Body":"{}","level":"info","message":"Request log","timestamp":"2021-01-21 11:07:30"}
{"Method":"GET","Path":"/boards","Query params":"{}","Body":"{}","level":"info","message":"Request log","timestamp":"2021-01-21 11:07:30"}
{"Method":"PUT","Path":"/boards/81c6faa5-a425-4b24-875e-ab2dd49cbc2f","Query params":"{}","Body":"{\"isFavorite\":true}","level":"info","message":"Request log","timestamp":"2021-01-21 11:07:33"}
{"Method":"PUT","Path":"/boards/81c6faa5-a425-4b24-875e-ab2dd49cbc2f","Query params":"{}","Body":"{\"isFavorite\":true}","level":"info","message":"Request log","timestamp":"2021-01-21 11:07:33"}
{"Method":"GET","Path":"/boards","Query params":"{}","Body":"{}","level":"info","message":"Request log","timestamp":"2021-01-21 11:07:33"}
{"Method":"GET","Path":"/boards","Query params":"{}","Body":"{}","level":"info","message":"Request log","timestamp":"2021-01-21 11:07:33"}
{"Method":"PUT","Path":"/boards/29a8d04b-4459-4446-b87b-f14c5691ad24","Query params":"{}","Body":"{\"isFavorite\":true}","level":"info","message":"Request log","timestamp":"2021-01-21 11:07:39"}
{"Method":"PUT","Path":"/boards/29a8d04b-4459-4446-b87b-f14c5691ad24","Query params":"{}","Body":"{\"isFavorite\":true}","level":"info","message":"Request log","timestamp":"2021-01-21 11:07:39"}
{"Method":"GET","Path":"/boards","Query params":"{}","Body":"{}","level":"info","message":"Request log","timestamp":"2021-01-21 11:07:39"}
{"Method":"GET","Path":"/boards","Query params":"{}","Body":"{}","level":"info","message":"Request log","timestamp":"2021-01-21 11:07:39"}
{"Method":"GET","Path":"/babel/parser/lib/index.js","Query params":"{}","Body":"{}","level":"info","message":"Request log","timestamp":"2021-01-21 11:18:35"}
{"Method":"GET","Path":"/boards","Query params":"{}","Body":"{}","level":"info","message":"Request log","timestamp":"2021-01-21 11:20:51"}
{"Method":"GET","Path":"/boards","Query params":"{}","Body":"{}","level":"info","message":"Request log","timestamp":"2021-01-21 11:20:51"}
{"Method":"GET","Path":"/boards","Query params":"{}","Body":"{}","level":"info","message":"Request log","timestamp":"2021-01-21 11:21:51"}
{"Method":"GET","Path":"/boards","Query params":"{}","Body":"{}","level":"info","message":"Request log","timestamp":"2021-01-21 11:21:51"}
{"Method":"GET","Path":"/boards","Query params":"{}","Body":"{}","level":"info","message":"Request log","timestamp":"2021-01-21 11:23:43"}
{"Method":"GET","Path":"/boards","Query params":"{}","Body":"{}","level":"info","message":"Request log","timestamp":"2021-01-21 11:23:43"}
{"Method":"GET","Path":"/boards","Query params":"{}","Body":"{}","level":"info","message":"Request log","timestamp":"2021-01-21 11:27:05"}
{"Method":"GET","Path":"/boards","Query params":"{}","Body":"{}","level":"info","message":"Request log","timestamp":"2021-01-21 11:27:05"}
{"Method":"GET","Path":"/boards","Query params":"{}","Body":"{}","level":"info","message":"Request log","timestamp":"2021-01-21 11:27:43"}
{"Method":"GET","Path":"/boards","Query params":"{}","Body":"{}","level":"info","message":"Request log","timestamp":"2021-01-21 11:27:43"}
{"Method":"GET","Path":"/boards","Query params":"{}","Body":"{}","level":"info","message":"Request log","timestamp":"2021-01-21 11:30:11"}
{"Method":"GET","Path":"/boards","Query params":"{}","Body":"{}","level":"info","message":"Request log","timestamp":"2021-01-21 11:30:11"}
{"Method":"GET","Path":"/boards","Query params":"{}","Body":"{}","level":"info","message":"Request log","timestamp":"2021-01-21 11:30:39"}
{"Method":"GET","Path":"/boards","Query params":"{}","Body":"{}","level":"info","message":"Request log","timestamp":"2021-01-21 11:30:39"}
{"Method":"GET","Path":"/boards","Query params":"{}","Body":"{}","level":"info","message":"Request log","timestamp":"2021-01-21 11:37:54"}
{"Method":"GET","Path":"/boards","Query params":"{}","Body":"{}","level":"info","message":"Request log","timestamp":"2021-01-21 11:37:54"}
{"Method":"GET","Path":"/boards","Query params":"{}","Body":"{}","level":"info","message":"Request log","timestamp":"2021-01-21 11:38:48"}
{"Method":"GET","Path":"/boards","Query params":"{}","Body":"{}","level":"info","message":"Request log","timestamp":"2021-01-21 11:38:48"}
{"Method":"GET","Path":"/babel/parser/lib/index.js","Query params":"{}","Body":"{}","level":"info","message":"Request log","timestamp":"2021-01-21 11:40:34"}
{"Method":"GET","Path":"/babel/parser/lib/index.js","Query params":"{}","Body":"{}","level":"info","message":"Request log","timestamp":"2021-01-21 12:48:23"}
{"Method":"GET","Path":"/boards","Query params":"{}","Body":"{}","level":"info","message":"Request log","timestamp":"2021-01-21 12:50:51"}
{"Method":"GET","Path":"/boards","Query params":"{}","Body":"{}","level":"info","message":"Request log","timestamp":"2021-01-21 12:50:51"}
{"Method":"GET","Path":"/babel/parser/lib/index.js","Query params":"{}","Body":"{}","level":"info","message":"Request log","timestamp":"2021-01-21 12:51:21"}
{"Method":"GET","Path":"/boards","Query params":"{}","Body":"{}","level":"info","message":"Request log","timestamp":"2021-01-21 12:54:00"}
{"Method":"GET","Path":"/boards","Query params":"{}","Body":"{}","level":"info","message":"Request log","timestamp":"2021-01-21 12:54:00"}
{"Method":"GET","Path":"/boards","Query params":"{}","Body":"{}","level":"info","message":"Request log","timestamp":"2021-01-21 12:54:39"}
{"Method":"GET","Path":"/boards","Query params":"{}","Body":"{}","level":"info","message":"Request log","timestamp":"2021-01-21 12:54:39"}
{"Method":"GET","Path":"/boards","Query params":"{}","Body":"{}","level":"info","message":"Request log","timestamp":"2021-01-21 12:56:42"}
{"Method":"GET","Path":"/boards","Query params":"{}","Body":"{}","level":"info","message":"Request log","timestamp":"2021-01-21 12:56:42"}
{"Method":"GET","Path":"/boards","Query params":"{}","Body":"{}","level":"info","message":"Request log","timestamp":"2021-01-21 12:59:06"}
{"Method":"GET","Path":"/boards","Query params":"{}","Body":"{}","level":"info","message":"Request log","timestamp":"2021-01-21 12:59:06"}
{"Method":"GET","Path":"/boards","Query params":"{}","Body":"{}","level":"info","message":"Request log","timestamp":"2021-01-21 13:00:30"}
{"Method":"GET","Path":"/boards","Query params":"{}","Body":"{}","level":"info","message":"Request log","timestamp":"2021-01-21 13:00:30"}
{"Method":"GET","Path":"/boards","Query params":"{}","Body":"{}","level":"info","message":"Request log","timestamp":"2021-01-21 13:00:54"}
{"Method":"GET","Path":"/boards","Query params":"{}","Body":"{}","level":"info","message":"Request log","timestamp":"2021-01-21 13:00:54"}
{"Method":"GET","Path":"/babel/parser/lib/index.js","Query params":"{}","Body":"{}","level":"info","message":"Request log","timestamp":"2021-01-21 13:31:06"}
{"Method":"GET","Path":"/boards","Query params":"{}","Body":"{}","level":"info","message":"Request log","timestamp":"2021-01-21 13:31:23"}
{"Method":"GET","Path":"/boards","Query params":"{}","Body":"{}","level":"info","message":"Request log","timestamp":"2021-01-21 13:31:23"}
{"Method":"GET","Path":"/boards","Query params":"{}","Body":"{}","level":"info","message":"Request log","timestamp":"2021-01-21 13:31:57"}
{"Method":"GET","Path":"/boards","Query params":"{}","Body":"{}","level":"info","message":"Request log","timestamp":"2021-01-21 13:31:57"}
{"Method":"GET","Path":"/boards","Query params":"{}","Body":"{}","level":"info","message":"Request log","timestamp":"2021-01-21 13:33:19"}
{"Method":"GET","Path":"/boards","Query params":"{}","Body":"{}","level":"info","message":"Request log","timestamp":"2021-01-21 13:33:19"}
{"Method":"GET","Path":"/boards","Query params":"{}","Body":"{}","level":"info","message":"Request log","timestamp":"2021-01-21 13:34:09"}
{"Method":"GET","Path":"/boards","Query params":"{}","Body":"{}","level":"info","message":"Request log","timestamp":"2021-01-21 13:34:09"}
{"Method":"GET","Path":"/boards","Query params":"{}","Body":"{}","level":"info","message":"Request log","timestamp":"2021-01-21 13:35:49"}
{"Method":"GET","Path":"/boards","Query params":"{}","Body":"{}","level":"info","message":"Request log","timestamp":"2021-01-21 13:35:49"}
{"Method":"GET","Path":"/boards","Query params":"{}","Body":"{}","level":"info","message":"Request log","timestamp":"2021-01-21 13:36:23"}
{"Method":"GET","Path":"/boards","Query params":"{}","Body":"{}","level":"info","message":"Request log","timestamp":"2021-01-21 13:36:23"}
{"Method":"GET","Path":"/boards","Query params":"{}","Body":"{}","level":"info","message":"Request log","timestamp":"2021-01-21 13:38:24"}
{"Method":"GET","Path":"/boards","Query params":"{}","Body":"{}","level":"info","message":"Request log","timestamp":"2021-01-21 13:38:24"}
{"Method":"GET","Path":"/babel/parser/lib/index.js","Query params":"{}","Body":"{}","level":"info","message":"Request log","timestamp":"2021-01-21 13:40:04"}
{"Method":"GET","Path":"/babel/parser/lib/index.js","Query params":"{}","Body":"{}","level":"info","message":"Request log","timestamp":"2021-01-21 13:40:27"}
{"Method":"GET","Path":"/babel/parser/lib/index.js","Query params":"{}","Body":"{}","level":"info","message":"Request log","timestamp":"2021-01-21 13:40:28"}
{"Method":"GET","Path":"/boards","Query params":"{}","Body":"{}","level":"info","message":"Request log","timestamp":"2021-01-21 13:41:22"}
{"Method":"GET","Path":"/boards","Query params":"{}","Body":"{}","level":"info","message":"Request log","timestamp":"2021-01-21 13:41:22"}
{"Method":"GET","Path":"/boards","Query params":"{}","Body":"{}","level":"info","message":"Request log","timestamp":"2021-01-21 13:50:36"}
{"Method":"GET","Path":"/boards","Query params":"{}","Body":"{}","level":"info","message":"Request log","timestamp":"2021-01-21 13:50:36"}
{"Method":"GET","Path":"/boards","Query params":"{}","Body":"{}","level":"info","message":"Request log","timestamp":"2021-01-21 13:51:31"}
{"Method":"GET","Path":"/boards","Query params":"{}","Body":"{}","level":"info","message":"Request log","timestamp":"2021-01-21 13:51:31"}
{"Method":"GET","Path":"/boards","Query params":"{}","Body":"{}","level":"info","message":"Request log","timestamp":"2021-01-21 13:52:07"}
{"Method":"GET","Path":"/boards","Query params":"{}","Body":"{}","level":"info","message":"Request log","timestamp":"2021-01-21 13:52:07"}
{"Method":"GET","Path":"/boards","Query params":"{}","Body":"{}","level":"info","message":"Request log","timestamp":"2021-01-21 13:53:03"}
{"Method":"GET","Path":"/boards","Query params":"{}","Body":"{}","level":"info","message":"Request log","timestamp":"2021-01-21 13:53:03"}
{"Method":"GET","Path":"/boards","Query params":"{}","Body":"{}","level":"info","message":"Request log","timestamp":"2021-01-21 13:56:44"}
{"Method":"GET","Path":"/boards","Query params":"{}","Body":"{}","level":"info","message":"Request log","timestamp":"2021-01-21 13:56:44"}
{"Method":"GET","Path":"/boards","Query params":"{}","Body":"{}","level":"info","message":"Request log","timestamp":"2021-01-21 13:57:30"}
{"Method":"GET","Path":"/boards","Query params":"{}","Body":"{}","level":"info","message":"Request log","timestamp":"2021-01-21 13:57:30"}
{"Method":"GET","Path":"/babel/parser/lib/index.js","Query params":"{}","Body":"{}","level":"info","message":"Request log","timestamp":"2021-01-21 14:05:41"}
{"Method":"GET","Path":"/boards","Query params":"{}","Body":"{}","level":"info","message":"Request log","timestamp":"2021-01-21 14:05:47"}
{"Method":"GET","Path":"/boards","Query params":"{}","Body":"{}","level":"info","message":"Request log","timestamp":"2021-01-21 14:05:47"}
{"Method":"GET","Path":"/babel/parser/lib/index.js","Query params":"{}","Body":"{}","level":"info","message":"Request log","timestamp":"2021-01-21 14:06:11"}
{"Method":"GET","Path":"/babel/parser/lib/index.js","Query params":"{}","Body":"{}","level":"info","message":"Request log","timestamp":"2021-01-21 14:06:11"}
{"Method":"GET","Path":"/babel/parser/lib/index.js","Query params":"{}","Body":"{}","level":"info","message":"Request log","timestamp":"2021-01-21 14:06:33"}
{"Method":"GET","Path":"/babel/parser/lib/index.js","Query params":"{}","Body":"{}","level":"info","message":"Request log","timestamp":"2021-01-21 14:06:35"}
{"Method":"GET","Path":"/babel/parser/lib/index.js","Query params":"{}","Body":"{}","level":"info","message":"Request log","timestamp":"2021-01-21 14:06:39"}
{"Method":"GET","Path":"/babel/parser/lib/index.js","Query params":"{}","Body":"{}","level":"info","message":"Request log","timestamp":"2021-01-21 14:06:45"}
{"Method":"GET","Path":"/boards","Query params":"{}","Body":"{}","level":"info","message":"Request log","timestamp":"2021-01-21 14:07:57"}
{"Method":"GET","Path":"/boards","Query params":"{}","Body":"{}","level":"info","message":"Request log","timestamp":"2021-01-21 14:07:57"}
{"Method":"GET","Path":"/boards","Query params":"{}","Body":"{}","level":"info","message":"Request log","timestamp":"2021-01-21 14:08:38"}
{"Method":"GET","Path":"/boards","Query params":"{}","Body":"{}","level":"info","message":"Request log","timestamp":"2021-01-21 14:08:38"}
{"Method":"GET","Path":"/boards","Query params":"{}","Body":"{}","level":"info","message":"Request log","timestamp":"2021-01-21 14:09:04"}
{"Method":"GET","Path":"/boards","Query params":"{}","Body":"{}","level":"info","message":"Request log","timestamp":"2021-01-21 14:09:04"}
{"Method":"GET","Path":"/boards","Query params":"{}","Body":"{}","level":"info","message":"Request log","timestamp":"2021-01-21 14:10:44"}
{"Method":"GET","Path":"/boards","Query params":"{}","Body":"{}","level":"info","message":"Request log","timestamp":"2021-01-21 14:10:44"}
{"Method":"GET","Path":"/boards","Query params":"{}","Body":"{}","level":"info","message":"Request log","timestamp":"2021-01-21 14:11:48"}
{"Method":"GET","Path":"/boards","Query params":"{}","Body":"{}","level":"info","message":"Request log","timestamp":"2021-01-21 14:11:48"}
{"Method":"GET","Path":"/boards","Query params":"{}","Body":"{}","level":"info","message":"Request log","timestamp":"2021-01-21 14:11:58"}
{"Method":"GET","Path":"/boards","Query params":"{}","Body":"{}","level":"info","message":"Request log","timestamp":"2021-01-21 14:11:58"}
{"Method":"GET","Path":"/boards","Query params":"{}","Body":"{}","level":"info","message":"Request log","timestamp":"2021-01-21 14:12:26"}
{"Method":"GET","Path":"/boards","Query params":"{}","Body":"{}","level":"info","message":"Request log","timestamp":"2021-01-21 14:12:26"}
{"Method":"GET","Path":"/boards","Query params":"{}","Body":"{}","level":"info","message":"Request log","timestamp":"2021-01-21 14:17:43"}
{"Method":"GET","Path":"/boards","Query params":"{}","Body":"{}","level":"info","message":"Request log","timestamp":"2021-01-21 14:17:43"}
{"Method":"GET","Path":"/boards","Query params":"{}","Body":"{}","level":"info","message":"Request log","timestamp":"2021-01-21 14:17:49"}
{"Method":"GET","Path":"/boards","Query params":"{}","Body":"{}","level":"info","message":"Request log","timestamp":"2021-01-21 14:17:49"}
{"Method":"GET","Path":"/boards","Query params":"{}","Body":"{}","level":"info","message":"Request log","timestamp":"2021-01-21 14:18:08"}
{"Method":"GET","Path":"/boards","Query params":"{}","Body":"{}","level":"info","message":"Request log","timestamp":"2021-01-21 14:18:08"}
{"Method":"GET","Path":"/babel/parser/lib/index.js","Query params":"{}","Body":"{}","level":"info","message":"Request log","timestamp":"2021-01-21 14:30:58"}
{"Method":"GET","Path":"/babel/parser/lib/index.js","Query params":"{}","Body":"{}","level":"info","message":"Request log","timestamp":"2021-01-21 14:32:22"}
{"Method":"GET","Path":"/babel/parser/lib/index.js","Query params":"{}","Body":"{}","level":"info","message":"Request log","timestamp":"2021-01-21 14:32:23"}
{"Method":"GET","Path":"/babel/parser/lib/index.js","Query params":"{}","Body":"{}","level":"info","message":"Request log","timestamp":"2021-01-21 14:32:26"}
{"Method":"GET","Path":"/babel/parser/lib/index.js","Query params":"{}","Body":"{}","level":"info","message":"Request log","timestamp":"2021-01-21 14:33:34"}
{"Method":"GET","Path":"/babel/parser/lib/index.js","Query params":"{}","Body":"{}","level":"info","message":"Request log","timestamp":"2021-01-21 14:33:34"}
{"Method":"GET","Path":"/babel/parser/lib/index.js","Query params":"{}","Body":"{}","level":"info","message":"Request log","timestamp":"2021-01-21 14:34:49"}
{"Method":"GET","Path":"/boards","Query params":"{}","Body":"{}","level":"info","message":"Request log","timestamp":"2021-01-21 15:01:57"}
{"Method":"GET","Path":"/boards","Query params":"{}","Body":"{}","level":"info","message":"Request log","timestamp":"2021-01-21 15:01:57"}
{"Method":"GET","Path":"/boards","Query params":"{}","Body":"{}","level":"info","message":"Request log","timestamp":"2021-01-21 15:02:33"}
{"Method":"GET","Path":"/boards","Query params":"{}","Body":"{}","level":"info","message":"Request log","timestamp":"2021-01-21 15:02:33"}
{"Method":"GET","Path":"/boards","Query params":"{}","Body":"{}","level":"info","message":"Request log","timestamp":"2021-01-21 15:03:15"}
{"Method":"GET","Path":"/boards","Query params":"{}","Body":"{}","level":"info","message":"Request log","timestamp":"2021-01-21 15:03:15"}
{"Method":"GET","Path":"/boards","Query params":"{}","Body":"{}","level":"info","message":"Request log","timestamp":"2021-01-21 15:04:10"}
{"Method":"GET","Path":"/boards","Query params":"{}","Body":"{}","level":"info","message":"Request log","timestamp":"2021-01-21 15:04:10"}
{"Method":"GET","Path":"/boards","Query params":"{}","Body":"{}","level":"info","message":"Request log","timestamp":"2021-01-21 15:09:52"}
{"Method":"GET","Path":"/boards","Query params":"{}","Body":"{}","level":"info","message":"Request log","timestamp":"2021-01-21 15:09:52"}
{"Method":"GET","Path":"/boards","Query params":"{}","Body":"{}","level":"info","message":"Request log","timestamp":"2021-01-21 15:10:57"}
{"Method":"GET","Path":"/boards","Query params":"{}","Body":"{}","level":"info","message":"Request log","timestamp":"2021-01-21 15:10:57"}
{"Method":"GET","Path":"/boards","Query params":"{}","Body":"{}","level":"info","message":"Request log","timestamp":"2021-01-21 15:11:18"}
{"Method":"GET","Path":"/boards","Query params":"{}","Body":"{}","level":"info","message":"Request log","timestamp":"2021-01-21 15:11:18"}
{"Method":"GET","Path":"/boards","Query params":"{}","Body":"{}","level":"info","message":"Request log","timestamp":"2021-01-21 15:11:55"}
{"Method":"GET","Path":"/boards","Query params":"{}","Body":"{}","level":"info","message":"Request log","timestamp":"2021-01-21 15:11:55"}
{"Method":"GET","Path":"/boards","Query params":"{}","Body":"{}","level":"info","message":"Request log","timestamp":"2021-01-21 15:13:24"}
{"Method":"GET","Path":"/boards","Query params":"{}","Body":"{}","level":"info","message":"Request log","timestamp":"2021-01-21 15:13:24"}
{"Method":"GET","Path":"/boards","Query params":"{}","Body":"{}","level":"info","message":"Request log","timestamp":"2021-01-21 15:15:11"}
{"Method":"GET","Path":"/boards","Query params":"{}","Body":"{}","level":"info","message":"Request log","timestamp":"2021-01-21 15:15:11"}
{"Method":"GET","Path":"/boards","Query params":"{}","Body":"{}","level":"info","message":"Request log","timestamp":"2021-01-21 15:16:20"}
{"Method":"GET","Path":"/boards","Query params":"{}","Body":"{}","level":"info","message":"Request log","timestamp":"2021-01-21 15:16:20"}
{"Method":"GET","Path":"/boards","Query params":"{}","Body":"{}","level":"info","message":"Request log","timestamp":"2021-01-21 15:17:05"}
{"Method":"GET","Path":"/boards","Query params":"{}","Body":"{}","level":"info","message":"Request log","timestamp":"2021-01-21 15:17:05"}
{"Method":"GET","Path":"/boards","Query params":"{}","Body":"{}","level":"info","message":"Request log","timestamp":"2021-01-21 15:17:56"}
{"Method":"GET","Path":"/boards","Query params":"{}","Body":"{}","level":"info","message":"Request log","timestamp":"2021-01-21 15:17:56"}
{"Method":"GET","Path":"/boards","Query params":"{}","Body":"{}","level":"info","message":"Request log","timestamp":"2021-01-21 15:18:30"}
{"Method":"GET","Path":"/boards","Query params":"{}","Body":"{}","level":"info","message":"Request log","timestamp":"2021-01-21 15:18:30"}
{"Method":"GET","Path":"/boards","Query params":"{}","Body":"{}","level":"info","message":"Request log","timestamp":"2021-01-21 15:20:24"}
{"Method":"GET","Path":"/boards","Query params":"{}","Body":"{}","level":"info","message":"Request log","timestamp":"2021-01-21 15:20:24"}
{"Method":"GET","Path":"/boards","Query params":"{}","Body":"{}","level":"info","message":"Request log","timestamp":"2021-01-21 15:25:47"}
{"Method":"GET","Path":"/boards","Query params":"{}","Body":"{}","level":"info","message":"Request log","timestamp":"2021-01-21 15:25:47"}
{"Method":"GET","Path":"/boards","Query params":"{}","Body":"{}","level":"info","message":"Request log","timestamp":"2021-01-21 15:26:59"}
{"Method":"GET","Path":"/boards","Query params":"{}","Body":"{}","level":"info","message":"Request log","timestamp":"2021-01-21 15:26:59"}
{"Method":"GET","Path":"/boards","Query params":"{}","Body":"{}","level":"info","message":"Request log","timestamp":"2021-01-21 15:28:21"}
{"Method":"GET","Path":"/boards","Query params":"{}","Body":"{}","level":"info","message":"Request log","timestamp":"2021-01-21 15:28:21"}
{"Method":"GET","Path":"/boards","Query params":"{}","Body":"{}","level":"info","message":"Request log","timestamp":"2021-01-21 15:29:24"}
{"Method":"GET","Path":"/boards","Query params":"{}","Body":"{}","level":"info","message":"Request log","timestamp":"2021-01-21 15:29:24"}
{"Method":"GET","Path":"/boards","Query params":"{}","Body":"{}","level":"info","message":"Request log","timestamp":"2021-01-21 15:30:46"}
{"Method":"GET","Path":"/boards","Query params":"{}","Body":"{}","level":"info","message":"Request log","timestamp":"2021-01-21 15:30:46"}
{"Method":"GET","Path":"/boards","Query params":"{}","Body":"{}","level":"info","message":"Request log","timestamp":"2021-01-21 15:31:17"}
{"Method":"GET","Path":"/boards","Query params":"{}","Body":"{}","level":"info","message":"Request log","timestamp":"2021-01-21 15:31:17"}
{"Method":"GET","Path":"/boards","Query params":"{}","Body":"{}","level":"info","message":"Request log","timestamp":"2021-01-21 15:33:27"}
{"Method":"GET","Path":"/boards","Query params":"{}","Body":"{}","level":"info","message":"Request log","timestamp":"2021-01-21 15:33:27"}
{"Method":"GET","Path":"/boards","Query params":"{}","Body":"{}","level":"info","message":"Request log","timestamp":"2021-01-21 15:33:41"}
{"Method":"GET","Path":"/boards","Query params":"{}","Body":"{}","level":"info","message":"Request log","timestamp":"2021-01-21 15:33:41"}
{"Method":"GET","Path":"/babel/parser/lib/index.js","Query params":"{}","Body":"{}","level":"info","message":"Request log","timestamp":"2021-01-21 15:34:06"}
{"Method":"GET","Path":"/babel/parser/lib/index.js","Query params":"{}","Body":"{}","level":"info","message":"Request log","timestamp":"2021-01-21 15:34:16"}
{"Method":"GET","Path":"/boards","Query params":"{}","Body":"{}","level":"info","message":"Request log","timestamp":"2021-01-21 15:34:39"}
{"Method":"GET","Path":"/boards","Query params":"{}","Body":"{}","level":"info","message":"Request log","timestamp":"2021-01-21 15:34:39"}
{"Method":"GET","Path":"/babel/parser/lib/index.js","Query params":"{}","Body":"{}","level":"info","message":"Request log","timestamp":"2021-01-21 15:37:14"}
{"Method":"GET","Path":"/babel/parser/lib/index.js","Query params":"{}","Body":"{}","level":"info","message":"Request log","timestamp":"2021-01-21 15:37:18"}
{"Method":"GET","Path":"/boards","Query params":"{}","Body":"{}","level":"info","message":"Request log","timestamp":"2021-01-21 15:37:23"}
{"Method":"GET","Path":"/boards","Query params":"{}","Body":"{}","level":"info","message":"Request log","timestamp":"2021-01-21 15:37:23"}
{"Method":"GET","Path":"/boards","Query params":"{}","Body":"{}","level":"info","message":"Request log","timestamp":"2021-01-21 15:37:57"}
{"Method":"GET","Path":"/boards","Query params":"{}","Body":"{}","level":"info","message":"Request log","timestamp":"2021-01-21 15:37:57"}
{"Method":"GET","Path":"/boards","Query params":"{}","Body":"{}","level":"info","message":"Request log","timestamp":"2021-01-21 15:38:37"}
{"Method":"GET","Path":"/boards","Query params":"{}","Body":"{}","level":"info","message":"Request log","timestamp":"2021-01-21 15:38:37"}
{"Method":"GET","Path":"/boards","Query params":"{}","Body":"{}","level":"info","message":"Request log","timestamp":"2021-01-21 15:39:05"}
{"Method":"GET","Path":"/boards","Query params":"{}","Body":"{}","level":"info","message":"Request log","timestamp":"2021-01-21 15:39:05"}
{"Method":"GET","Path":"/boards","Query params":"{}","Body":"{}","level":"info","message":"Request log","timestamp":"2021-01-21 15:40:21"}
{"Method":"GET","Path":"/boards","Query params":"{}","Body":"{}","level":"info","message":"Request log","timestamp":"2021-01-21 15:40:21"}
{"Method":"GET","Path":"/babel/parser/lib/index.js","Query params":"{}","Body":"{}","level":"info","message":"Request log","timestamp":"2021-01-21 15:41:52"}
{"Method":"GET","Path":"/babel/parser/lib/index.js","Query params":"{}","Body":"{}","level":"info","message":"Request log","timestamp":"2021-01-21 15:41:52"}
{"Method":"GET","Path":"/boards","Query params":"{}","Body":"{}","level":"info","message":"Request log","timestamp":"2021-01-21 15:42:02"}
{"Method":"GET","Path":"/boards","Query params":"{}","Body":"{}","level":"info","message":"Request log","timestamp":"2021-01-21 15:42:02"}
{"Method":"GET","Path":"/boards","Query params":"{}","Body":"{}","level":"info","message":"Request log","timestamp":"2021-01-21 15:42:54"}
{"Method":"GET","Path":"/boards","Query params":"{}","Body":"{}","level":"info","message":"Request log","timestamp":"2021-01-21 15:42:54"}
{"Method":"GET","Path":"/boards","Query params":"{}","Body":"{}","level":"info","message":"Request log","timestamp":"2021-01-21 15:43:50"}
{"Method":"GET","Path":"/boards","Query params":"{}","Body":"{}","level":"info","message":"Request log","timestamp":"2021-01-21 15:43:50"}
{"Method":"GET","Path":"/babel/parser/lib/index.js","Query params":"{}","Body":"{}","level":"info","message":"Request log","timestamp":"2021-01-21 15:46:39"}
{"Method":"GET","Path":"/babel/parser/lib/index.js","Query params":"{}","Body":"{}","level":"info","message":"Request log","timestamp":"2021-01-21 15:46:39"}
{"Method":"GET","Path":"/babel/parser/lib/index.js","Query params":"{}","Body":"{}","level":"info","message":"Request log","timestamp":"2021-01-21 15:46:39"}
{"Method":"GET","Path":"/babel/parser/lib/index.js","Query params":"{}","Body":"{}","level":"info","message":"Request log","timestamp":"2021-01-21 15:46:40"}
{"Method":"GET","Path":"/babel/parser/lib/index.js","Query params":"{}","Body":"{}","level":"info","message":"Request log","timestamp":"2021-01-21 15:47:15"}
{"Method":"GET","Path":"/boards","Query params":"{}","Body":"{}","level":"info","message":"Request log","timestamp":"2021-01-21 15:47:17"}
{"Method":"GET","Path":"/boards","Query params":"{}","Body":"{}","level":"info","message":"Request log","timestamp":"2021-01-21 15:47:17"}
{"Method":"GET","Path":"/boards","Query params":"{}","Body":"{}","level":"info","message":"Request log","timestamp":"2021-01-21 15:47:53"}
{"Method":"GET","Path":"/boards","Query params":"{}","Body":"{}","level":"info","message":"Request log","timestamp":"2021-01-21 15:47:53"}
{"Method":"GET","Path":"/boards","Query params":"{}","Body":"{}","level":"info","message":"Request log","timestamp":"2021-01-21 15:48:22"}
{"Method":"GET","Path":"/boards","Query params":"{}","Body":"{}","level":"info","message":"Request log","timestamp":"2021-01-21 15:48:22"}
