{"Method":"GET","Path":"/boards","Query params":"{}","Body":"{}","level":"info","message":"Request log","timestamp":"2021-02-02 16:54:26"}
{"Method":"GET","Path":"/boards","Query params":"{}","Body":"{}","level":"info","message":"Request log","timestamp":"2021-02-02 16:54:26"}
{"Method":"GET","Path":"/boards","Query params":"{}","Body":"{}","level":"info","message":"Request log","timestamp":"2021-02-02 16:54:29"}
{"Method":"GET","Path":"/boards","Query params":"{}","Body":"{}","level":"info","message":"Request log","timestamp":"2021-02-02 16:54:29"}
{"Method":"GET","Path":"/boards/fe6258bb-dd93-4a87-a49d-abab4cd4b75e","Query params":"{}","Body":"{}","level":"info","message":"Request log","timestamp":"2021-02-02 16:54:34"}
{"Method":"GET","Path":"/boards/fe6258bb-dd93-4a87-a49d-abab4cd4b75e","Query params":"{}","Body":"{}","level":"info","message":"Request log","timestamp":"2021-02-02 16:54:34"}
{"Method":"GET","Path":"/users/6445d334-5f93-4761-9f29-164658ef4845","Query params":"{}","Body":"{}","level":"info","message":"Request log","timestamp":"2021-02-02 16:54:34"}
{"Method":"GET","Path":"/boards/fe6258bb-dd93-4a87-a49d-abab4cd4b75e","Query params":"{}","Body":"{}","level":"info","message":"Request log","timestamp":"2021-02-02 16:54:34"}
{"Method":"GET","Path":"/boards/fe6258bb-dd93-4a87-a49d-abab4cd4b75e","Query params":"{}","Body":"{}","level":"info","message":"Request log","timestamp":"2021-02-02 16:54:34"}
{"Method":"DELETE","Path":"/users/026de483-58ff-48f5-930b-041722d59bae/addtoboard","Query params":"{}","Body":"{\"boardId\":\"fe6258bb-dd93-4a87-a49d-abab4cd4b75e\"}","level":"info","message":"Request log","timestamp":"2021-02-02 16:54:43"}
{"Method":"GET","Path":"/boards/fe6258bb-dd93-4a87-a49d-abab4cd4b75e","Query params":"{}","Body":"{}","level":"info","message":"Request log","timestamp":"2021-02-02 16:55:09"}
{"Method":"GET","Path":"/boards/fe6258bb-dd93-4a87-a49d-abab4cd4b75e","Query params":"{}","Body":"{}","level":"info","message":"Request log","timestamp":"2021-02-02 16:55:09"}
{"Method":"GET","Path":"/users/6445d334-5f93-4761-9f29-164658ef4845","Query params":"{}","Body":"{}","level":"info","message":"Request log","timestamp":"2021-02-02 16:55:09"}
{"Method":"GET","Path":"/boards/fe6258bb-dd93-4a87-a49d-abab4cd4b75e","Query params":"{}","Body":"{}","level":"info","message":"Request log","timestamp":"2021-02-02 16:55:10"}
{"Method":"GET","Path":"/boards/fe6258bb-dd93-4a87-a49d-abab4cd4b75e","Query params":"{}","Body":"{}","level":"info","message":"Request log","timestamp":"2021-02-02 16:55:10"}
{"Method":"GET","Path":"/currentBoard/favicon.ico","Query params":"{}","Body":"{}","level":"info","message":"Request log","timestamp":"2021-02-02 16:55:10"}
{"Method":"DELETE","Path":"/users/d8bd109a-1d13-44e2-adf6-4e076e5bfde9/addtoboard","Query params":"{}","Body":"{\"boardId\":\"fe6258bb-dd93-4a87-a49d-abab4cd4b75e\"}","level":"info","message":"Request log","timestamp":"2021-02-02 16:55:21"}
{"Method":"GET","Path":"/boards/fe6258bb-dd93-4a87-a49d-abab4cd4b75e","Query params":"{}","Body":"{}","level":"info","message":"Request log","timestamp":"2021-02-02 16:55:37"}
{"Method":"GET","Path":"/boards/fe6258bb-dd93-4a87-a49d-abab4cd4b75e","Query params":"{}","Body":"{}","level":"info","message":"Request log","timestamp":"2021-02-02 16:55:37"}
{"Method":"GET","Path":"/users/6445d334-5f93-4761-9f29-164658ef4845","Query params":"{}","Body":"{}","level":"info","message":"Request log","timestamp":"2021-02-02 16:55:37"}
{"Method":"GET","Path":"/currentBoard/favicon.ico","Query params":"{}","Body":"{}","level":"info","message":"Request log","timestamp":"2021-02-02 16:55:37"}
{"Method":"GET","Path":"/boards/fe6258bb-dd93-4a87-a49d-abab4cd4b75e","Query params":"{}","Body":"{}","level":"info","message":"Request log","timestamp":"2021-02-02 16:55:37"}
{"Method":"GET","Path":"/boards/fe6258bb-dd93-4a87-a49d-abab4cd4b75e","Query params":"{}","Body":"{}","level":"info","message":"Request log","timestamp":"2021-02-02 16:55:37"}
{"Method":"GET","Path":"/users","Query params":"{}","Body":"{}","level":"info","message":"Request log","timestamp":"2021-02-02 16:55:56"}
{"Method":"POST","Path":"/users/026de483-58ff-48f5-930b-041722d59bae/addtoboard","Query params":"{}","Body":"{\"boardId\":\"fe6258bb-dd93-4a87-a49d-abab4cd4b75e\"}","level":"info","message":"Request log","timestamp":"2021-02-02 16:55:59"}
{"Method":"GET","Path":"/boards/fe6258bb-dd93-4a87-a49d-abab4cd4b75e","Query params":"{}","Body":"{}","level":"info","message":"Request log","timestamp":"2021-02-02 16:57:15"}
{"Method":"GET","Path":"/boards/fe6258bb-dd93-4a87-a49d-abab4cd4b75e","Query params":"{}","Body":"{}","level":"info","message":"Request log","timestamp":"2021-02-02 16:57:15"}
{"Method":"GET","Path":"/users/6445d334-5f93-4761-9f29-164658ef4845","Query params":"{}","Body":"{}","level":"info","message":"Request log","timestamp":"2021-02-02 16:57:15"}
{"Method":"GET","Path":"/currentBoard/favicon.ico","Query params":"{}","Body":"{}","level":"info","message":"Request log","timestamp":"2021-02-02 16:57:15"}
{"Method":"GET","Path":"/boards/fe6258bb-dd93-4a87-a49d-abab4cd4b75e","Query params":"{}","Body":"{}","level":"info","message":"Request log","timestamp":"2021-02-02 16:57:16"}
{"Method":"GET","Path":"/boards/fe6258bb-dd93-4a87-a49d-abab4cd4b75e","Query params":"{}","Body":"{}","level":"info","message":"Request log","timestamp":"2021-02-02 16:57:16"}
{"Method":"GET","Path":"/users","Query params":"{}","Body":"{}","level":"info","message":"Request log","timestamp":"2021-02-02 16:57:17"}
{"Method":"POST","Path":"/users/d8bd109a-1d13-44e2-adf6-4e076e5bfde9/addtoboard","Query params":"{}","Body":"{\"boardId\":\"fe6258bb-dd93-4a87-a49d-abab4cd4b75e\"}","level":"info","message":"Request log","timestamp":"2021-02-02 16:57:22"}
{"Method":"POST","Path":"/users/d8bd109a-1d13-44e2-adf6-4e076e5bfde9/addtotask","Query params":"{}","Body":"{\"taskId\":\"7198e584-4fc0-4881-94f6-fe133e1b04ac\"}","level":"info","message":"Request log","timestamp":"2021-02-02 17:00:47"}
{"Method":"DELETE","Path":"/users/d8bd109a-1d13-44e2-adf6-4e076e5bfde9/addtoboard","Query params":"{}","Body":"{\"boardId\":\"fe6258bb-dd93-4a87-a49d-abab4cd4b75e\"}","level":"info","message":"Request log","timestamp":"2021-02-02 17:00:55"}
{"Method":"GET","Path":"/boards/fe6258bb-dd93-4a87-a49d-abab4cd4b75e","Query params":"{}","Body":"{}","level":"info","message":"Request log","timestamp":"2021-02-02 17:01:02"}
{"Method":"GET","Path":"/boards/fe6258bb-dd93-4a87-a49d-abab4cd4b75e","Query params":"{}","Body":"{}","level":"info","message":"Request log","timestamp":"2021-02-02 17:01:02"}
{"Method":"GET","Path":"/users/6445d334-5f93-4761-9f29-164658ef4845","Query params":"{}","Body":"{}","level":"info","message":"Request log","timestamp":"2021-02-02 17:01:02"}
{"Method":"GET","Path":"/currentBoard/favicon.ico","Query params":"{}","Body":"{}","level":"info","message":"Request log","timestamp":"2021-02-02 17:01:02"}
{"Method":"GET","Path":"/boards/fe6258bb-dd93-4a87-a49d-abab4cd4b75e","Query params":"{}","Body":"{}","level":"info","message":"Request log","timestamp":"2021-02-02 17:01:03"}
{"Method":"GET","Path":"/boards/fe6258bb-dd93-4a87-a49d-abab4cd4b75e","Query params":"{}","Body":"{}","level":"info","message":"Request log","timestamp":"2021-02-02 17:01:03"}
